<?xml version="1.0" encoding="UTF-8"?>
<!-- Generated by org.testng.reporters.JUnitReportReporter -->
<testsuite skipped="0" hostname="kartikey" name="demo.Demo_v4" tests="1" failures="0" timestamp="2022-05-29T08:36:17 IST" time="28.913" errors="0">
  <testcase name="test" time="28.913" classname="demo.Demo_v4"/>
</testsuite> <!-- demo.Demo_v4 -->
