<?xml version="1.0" encoding="UTF-8"?>
<!-- Generated by org.testng.reporters.JUnitReportReporter -->
<testsuite skipped="0" hostname="LAPTOP-LEK04GIM" name="demo.Demo_v4" tests="1" failures="0" timestamp="2022-08-14T16:06:51 IST" time="4.847" errors="0">
  <testcase name="test" time="4.847" classname="demo.Demo_v4"/>
</testsuite> <!-- demo.Demo_v4 -->
